<?xml version="1.0" encoding="UTF-8"?>
<!-- Generated by org.testng.reporters.JUnitXMLReporter -->
<testsuite ignored="3" hostname="DESKTOP-H5U1KPA" failures="0" tests="1" name="RegressionTest" time="17.415" errors="0" timestamp="2022-12-25T22:51:30 IST">
  <testcase classname="TestNGPrograms.Day3_GroupTest" name="Starting_point" time="17.333"/>
  <testcase classname="TestNGPrograms.Day3_GroupTest" name="checkTitle" time="0.0">
    <ignored/>
  </testcase> <!-- checkTitle -->
  <testcase classname="TestNGPrograms.Day3_GroupTest" name="clickonElement" time="0.0">
    <ignored/>
  </testcase> <!-- clickonElement -->
  <testcase classname="TestNGPrograms.Day3_GroupTest" name="insert_data" time="0.0">
    <ignored/>
  </testcase> <!-- insert_data -->
</testsuite> <!-- RegressionTest -->
