<?xml version="1.0" encoding="UTF-8"?>
<!-- Generated by org.testng.reporters.JUnitXMLReporter -->
<testsuite ignored="0" hostname="DESKTOP-H5U1KPA" failures="0" tests="6" name="RetryMultiple" time="68.454" errors="0" timestamp="2023-01-03T16:52:49 IST">
  <testcase classname="TestNGPrograms.Day12_ParallelTest" name="AccountTest" time="0.043"/>
  <testcase classname="TestNGPrograms.Day12_ParallelTest" name="AccountTest" time="0.003"/>
  <testcase classname="TestNGPrograms.Day12_ParallelTest" name="AccountTest" time="0.003"/>
  <testcase classname="TestNGPrograms.Day12_ParallelTest" name="ChromeTest" time="16.672"/>
  <testcase classname="TestNGPrograms.Day12_ParallelTest" name="EdgeTest" time="12.93"/>
  <testcase classname="TestNGPrograms.Day12_ParallelTest" name="FirefoxTest" time="38.719"/>
</testsuite> <!-- RetryMultiple -->
