<?xml version="1.0" encoding="UTF-8"?>
<!-- Generated by org.testng.reporters.JUnitXMLReporter -->
<testsuite ignored="1" hostname="DESKTOP-H5U1KPA" failures="0" tests="3" name="SanityTest" time="11.254" errors="0" timestamp="2022-12-25T22:51:42 IST">
  <testcase classname="TestNGPrograms.Day3_GroupTest" name="Starting_point" time="8.398"/>
  <testcase classname="TestNGPrograms.Day3_GroupTest" name="checkTitle" time="0.088"/>
  <testcase classname="TestNGPrograms.Day3_GroupTest" name="clickonElement" time="2.743"/>
  <testcase classname="TestNGPrograms.Day3_GroupTest" name="insert_data" time="0.0">
    <ignored/>
  </testcase> <!-- insert_data -->
</testsuite> <!-- SanityTest -->
