<?xml version="1.0" encoding="UTF-8"?>
<!-- Generated by org.testng.reporters.JUnitXMLReporter -->
<testsuite ignored="0" hostname="DESKTOP-H5U1KPA" failures="1" tests="8" name="Test" time="60.755" errors="0" timestamp="2023-01-02T17:12:36 IST">
  <testcase classname="TestNGPrograms.Day11_ParallelDemoTest1" name="AccountTest" time="0.048"/>
  <testcase classname="TestNGPrograms.Day11_ParallelDemoTest1" name="AccountTest1" time="0.05"/>
  <testcase classname="TestNGPrograms.Day11_ParallelDemoTest1" name="AccountTest" time="0.006"/>
  <testcase classname="TestNGPrograms.Day11_ParallelDemoTest1" name="AccountTest" time="0.003"/>
  <testcase classname="TestNGPrograms.Day11_ParallelDemoTest1" name="FirefoxTest" time="55.773"/>
  <testcase classname="TestNGPrograms.Day11_ParallelDemoTest1" name="skipTest" time="0.005">
    <skipped/>
  </testcase> <!-- skipTest -->
  <testcase classname="TestNGPrograms.Day11_ParallelDemoTest1" name="ChromeTest" time="60.433"/>
  <testcase classname="TestNGPrograms.Day11_ParallelDemoTest1" name="EdgeTest" time="60.597">
    <failure type="org.openqa.selenium.StaleElementReferenceException" message="The element reference of &amp;lt;input id=&amp;quot;pass&amp;quot; class=&amp;quot;inputtext _55r1 inputtext _9npi inputtext _9npi&amp;quot; name=&amp;quot;pass&amp;quot; type=&amp;quot;password&amp;quot;&amp;gt; is stale; either the element is no longer attached to the DOM, it is not in the current frame context, or the document has been refreshed
For documentation on this error, please visit: https://selenium.dev/exceptions/#stale_element_reference
Build info: version: &amp;apos;4.6.0&amp;apos;, revision: &amp;apos;79f1c02ae20&amp;apos;
System info: os.name: &amp;apos;Windows 10&amp;apos;, os.arch: &amp;apos;amd64&amp;apos;, os.version: &amp;apos;10.0&amp;apos;, java.version: &amp;apos;19.0.1&amp;apos;
Driver info: org.openqa.selenium.firefox.FirefoxDriver
Command: [b7bb7678-c80d-4a9c-9286-a010830386e9, sendKeysToElement {id=22124635-b7ec-4ba6-9951-88d75ef8eb61, value=[Ljava.lang.CharSequence;@7aebd8fb}]
Capabilities {acceptInsecureCerts: true, browserName: firefox, browserVersion: 108.0.1, moz:accessibilityChecks: false, moz:buildID: 20221215175817, moz:debuggerAddress: 127.0.0.1:17139, moz:geckodriverVersion: 0.32.0, moz:headless: true, moz:platformVersion: 10.0, moz:processID: 16160, moz:profile: C:\Users\Abhijit\AppData\Lo..., moz:shutdownTimeout: 60000, moz:useNonSpecCompliantPointerOrigin: false, moz:webdriverClick: true, moz:windowless: false, pageLoadStrategy: normal, platformName: WINDOWS, proxy: Proxy(), se:cdp: ws://127.0.0.1:17139/devtoo..., se:cdpVersion: 85.0, setWindowRect: true, strictFileInteractability: false, timeouts: {implicit: 0, pageLoad: 300000, script: 30000}, unhandledPromptBehavior: dismiss and notify}
Element: [[FirefoxDriver: firefox on WINDOWS (b7bb7678-c80d-4a9c-9286-a010830386e9)] -&amp;gt; xpath: //input[@id=&amp;apos;pass&amp;apos;]]
Session ID: b7bb7678-c80d-4a9c-9286-a010830386e9">
      <![CDATA[org.openqa.selenium.StaleElementReferenceException: The element reference of <input id="pass" class="inputtext _55r1 inputtext _9npi inputtext _9npi" name="pass" type="password"> is stale; either the element is no longer attached to the DOM, it is not in the current frame context, or the document has been refreshed
For documentation on this error, please visit: https://selenium.dev/exceptions/#stale_element_reference
Build info: version: '4.6.0', revision: '79f1c02ae20'
System info: os.name: 'Windows 10', os.arch: 'amd64', os.version: '10.0', java.version: '19.0.1'
Driver info: org.openqa.selenium.firefox.FirefoxDriver
Command: [b7bb7678-c80d-4a9c-9286-a010830386e9, sendKeysToElement {id=22124635-b7ec-4ba6-9951-88d75ef8eb61, value=[Ljava.lang.CharSequence;@7aebd8fb}]
Capabilities {acceptInsecureCerts: true, browserName: firefox, browserVersion: 108.0.1, moz:accessibilityChecks: false, moz:buildID: 20221215175817, moz:debuggerAddress: 127.0.0.1:17139, moz:geckodriverVersion: 0.32.0, moz:headless: true, moz:platformVersion: 10.0, moz:processID: 16160, moz:profile: C:\Users\Abhijit\AppData\Lo..., moz:shutdownTimeout: 60000, moz:useNonSpecCompliantPointerOrigin: false, moz:webdriverClick: true, moz:windowless: false, pageLoadStrategy: normal, platformName: WINDOWS, proxy: Proxy(), se:cdp: ws://127.0.0.1:17139/devtoo..., se:cdpVersion: 85.0, setWindowRect: true, strictFileInteractability: false, timeouts: {implicit: 0, pageLoad: 300000, script: 30000}, unhandledPromptBehavior: dismiss and notify}
Element: [[FirefoxDriver: firefox on WINDOWS (b7bb7678-c80d-4a9c-9286-a010830386e9)] -> xpath: //input[@id='pass']]
Session ID: b7bb7678-c80d-4a9c-9286-a010830386e9
at org.openqa.selenium.remote.codec.w3c.W3CHttpResponseCodec.createException(W3CHttpResponseCodec.java:200)
at org.openqa.selenium.remote.codec.w3c.W3CHttpResponseCodec.decode(W3CHttpResponseCodec.java:133)
at org.openqa.selenium.remote.codec.w3c.W3CHttpResponseCodec.decode(W3CHttpResponseCodec.java:53)
at org.openqa.selenium.remote.HttpCommandExecutor.execute(HttpCommandExecutor.java:184)
at org.openqa.selenium.remote.service.DriverCommandExecutor.invokeExecute(DriverCommandExecutor.java:167)
at org.openqa.selenium.remote.service.DriverCommandExecutor.execute(DriverCommandExecutor.java:142)
at org.openqa.selenium.remote.RemoteWebDriver.execute(RemoteWebDriver.java:541)
at org.openqa.selenium.remote.RemoteWebElement.execute(RemoteWebElement.java:257)
at org.openqa.selenium.remote.RemoteWebElement.sendKeys(RemoteWebElement.java:113)
at TestNGPrograms.Day11_ParallelDemoTest1.EdgeTest(Day11_ParallelDemoTest1.java:57)
at java.base/java.util.concurrent.ThreadPoolExecutor.runWorker(ThreadPoolExecutor.java:1144)
at java.base/java.util.concurrent.ThreadPoolExecutor$Worker.run(ThreadPoolExecutor.java:642)
at java.base/java.lang.Thread.run(Thread.java:1589)
... Removed 13 stack frames]]>
    </failure>
  </testcase> <!-- EdgeTest -->
</testsuite> <!-- Test -->
