<?xml version="1.0" encoding="UTF-8"?>
<!-- Generated by org.testng.reporters.JUnitXMLReporter -->
<testsuite ignored="0" hostname="DESKTOP-H5U1KPA" failures="0" tests="7" name="Default test" time="0.132" errors="0" timestamp="2022-12-25T17:54:29 IST">
  <testcase classname="TestNGPrograms.Day5_GroupDependancy" name="OpenBrowser" time="0.02"/>
  <testcase classname="TestNGPrograms.Day5_GroupDependentTest" name="openBrowser" time="0.003"/>
  <testcase classname="TestNGPrograms.Day5_GroupDependentTest" name="signIn" time="0.002"/>
  <testcase classname="TestNGPrograms.Day5_GroupDependancy" name="LogIn" time="0.003"/>
  <testcase classname="TestNGPrograms.Day5_GroupDependancy" name="ViewAcc" time="0.004"/>
  <testcase classname="TestNGPrograms.Day5_GroupDependentTest" name="viewAcc" time="0.003"/>
  <testcase classname="TestNGPrograms.Day5_GroupDependancy" name="CloseAccount" time="0.003"/>
</testsuite> <!-- Default test -->
