<?xml version="1.0" encoding="UTF-8"?>
<!-- Generated by org.testng.reporters.JUnitXMLReporter -->
<testsuite ignored="5" hostname="DESKTOP-H5U1KPA" failures="0" tests="3" name="Test(failed)" time="0.092" errors="0" timestamp="2023-01-03T16:27:43 IST">
  <testcase classname="TestNGPrograms.Day12_ParallelTest" name="AccountTest" time="0.02"/>
  <testcase classname="TestNGPrograms.Day12_ParallelTest" name="AccountTest" time="0.004"/>
  <testcase classname="TestNGPrograms.Day12_ParallelTest" name="AccountTest" time="0.003"/>
  <testcase classname="TestNGPrograms.Day12_ParallelTest" name="ChromeTest" time="0.0">
    <ignored/>
  </testcase> <!-- ChromeTest -->
  <testcase classname="TestNGPrograms.Day12_ParallelTest" name="EdgeTest" time="0.0">
    <ignored/>
  </testcase> <!-- EdgeTest -->
  <testcase classname="TestNGPrograms.Day12_ParallelTest" name="FirefoxTest" time="0.0">
    <ignored/>
  </testcase> <!-- FirefoxTest -->
  <testcase classname="TestNGPrograms.Day12_ParallelTest" name="skipTest" time="0.0">
    <ignored/>
  </testcase> <!-- skipTest -->
  <testcase classname="TestNGPrograms.Day12_ParallelTest" name="AccountTest1" time="0.0">
    <ignored/>
  </testcase> <!-- AccountTest1 -->
</testsuite> <!-- Test(failed) -->
